<?xml version="1.0" encoding="UTF-8"?>
<!-- Generated by org.testng.reporters.JUnitReportReporter -->
<testsuite hostname="Galil3" name="tests.NewTest" tests="1" failures="0" timestamp="21 Oct 2015 14:14:36 GMT" time="0.010" errors="0">
  <testcase name="f4" time="0.010" classname="tests.NewTest"/>
</testsuite> <!-- tests.NewTest -->
