<?xml version="1.0" encoding="UTF-8"?>
<!-- Generated by org.testng.reporters.JUnitReportReporter -->
<testsuite hostname="Galil3" name="tests.NewTest" tests="4" failures="0" timestamp="21 Oct 2015 12:45:38 GMT" time="0.011" errors="0">
  <testcase name="f2" time="0.000" classname="tests.NewTest"/>
  <testcase name="f4" time="0.000" classname="tests.NewTest"/>
  <testcase name="f3" time="0.000" classname="tests.NewTest"/>
  <testcase name="f1" time="0.011" classname="tests.NewTest"/>
</testsuite> <!-- tests.NewTest -->
