<?xml version="1.0" encoding="UTF-8"?>
<!-- Generated by org.testng.reporters.JUnitReportReporter -->
<testsuite hostname="Galil3" name="tests.NewTest" tests="5" failures="0" timestamp="21 Oct 2015 10:57:23 GMT" time="0.010" errors="0">
  <testcase name="f2" time="0.000" classname="tests.NewTest"/>
  <testcase name="f4" time="0.000" classname="tests.NewTest"/>
  <testcase name="f1" time="0.010" classname="tests.NewTest"/>
  <testcase name="f5" time="0.000" classname="tests.NewTest"/>
  <testcase name="f3" time="0.000" classname="tests.NewTest"/>
</testsuite> <!-- tests.NewTest -->
